{"/Users/simondi/PROJECTS/generators/generator-r-bones/app/index.js":{"path":"/Users/simondi/PROJECTS/generators/generator-r-bones/app/index.js","s":{"1":1,"2":1,"3":1,"4":1,"5":1,"6":1,"7":1,"8":1,"9":1,"10":0,"11":1,"12":1,"13":1,"14":1,"15":1,"16":9,"17":1,"18":1,"19":1,"20":1,"21":1,"22":2,"23":1,"24":1,"25":6,"26":1},"b":{},"f":{"1":1,"2":0,"3":1,"4":1},"fnMap":{"1":{"name":"(anonymous_1)","line":11,"loc":{"start":{"line":11,"column":13},"end":{"line":11,"column":16}}},"2":{"name":"(anonymous_2)","line":28,"loc":{"start":{"line":28,"column":22},"end":{"line":28,"column":39}}},"3":{"name":"(anonymous_3)","line":52,"loc":{"start":{"line":52,"column":11},"end":{"line":52,"column":14}}},"4":{"name":"(anonymous_4)","line":115,"loc":{"start":{"line":115,"column":7},"end":{"line":115,"column":10}}}},"statementMap":{"1":{"start":{"line":3,"column":0},"end":{"line":3,"column":44}},"2":{"start":{"line":4,"column":0},"end":{"line":4,"column":29}},"3":{"start":{"line":5,"column":0},"end":{"line":5,"column":29}},"4":{"start":{"line":6,"column":0},"end":{"line":6,"column":31}},"5":{"start":{"line":7,"column":0},"end":{"line":7,"column":31}},"6":{"start":{"line":8,"column":0},"end":{"line":8,"column":37}},"7":{"start":{"line":10,"column":0},"end":{"line":118,"column":2}},"8":{"start":{"line":13,"column":8},"end":{"line":16,"column":11}},"9":{"start":{"line":18,"column":8},"end":{"line":49,"column":11}},"10":{"start":{"line":29,"column":16},"end":{"line":29,"column":48}},"11":{"start":{"line":47,"column":12},"end":{"line":47,"column":32}},"12":{"start":{"line":48,"column":12},"end":{"line":48,"column":39}},"13":{"start":{"line":53,"column":8},"end":{"line":53,"column":47}},"14":{"start":{"line":54,"column":8},"end":{"line":57,"column":10}},"15":{"start":{"line":58,"column":8},"end":{"line":71,"column":9}},"16":{"start":{"line":59,"column":12},"end":{"line":70,"column":19}},"17":{"start":{"line":73,"column":8},"end":{"line":75,"column":66}},"18":{"start":{"line":77,"column":8},"end":{"line":84,"column":15}},"19":{"start":{"line":86,"column":8},"end":{"line":93,"column":15}},"20":{"start":{"line":95,"column":8},"end":{"line":97,"column":10}},"21":{"start":{"line":98,"column":8},"end":{"line":102,"column":9}},"22":{"start":{"line":99,"column":12},"end":{"line":101,"column":47}},"23":{"start":{"line":104,"column":8},"end":{"line":107,"column":10}},"24":{"start":{"line":108,"column":8},"end":{"line":112,"column":9}},"25":{"start":{"line":109,"column":12},"end":{"line":111,"column":54}},"26":{"start":{"line":116,"column":8},"end":{"line":116,"column":27}}},"branchMap":{}}}